[00:14:41 - main] [Cooja.java:1315] [INFO] - > Starting Cooja
[00:14:42 - main] [Cooja.java:2856] [INFO] - External tools default settings: /external_tools_linux_64.config
[00:14:42 - main] [Cooja.java:2886] [INFO] - External tools user settings: /root/.cooja.user.properties
[00:14:48 - main] [Simulation.java:422] [INFO] - Simulation random seed: 123456
[00:14:48 - main] [Cooja.java:4261] [WARN] - Replaced [CONTIKI_DIR]/examples/ipv6/rpl-border-router/border-router.sky with /root/Documents/cont3-Instant&attacks/Orig-repo-Contiki-mod/examples/ipv6/rpl-border-router/border-router.sky (default: ../../..), but could not find it. This does not have to be an error, as the file might be created later.
[00:14:49 - main] [CompileContiki.java:140] [INFO] - > make border-router.sky TARGET=sky 
[00:14:51 - main] [SkyMoteType.java:171] [FATAL] - >> /root/Documents/cont3-Instant&attacks/Orig-repo-Contiki-mod/examples/ipv6/rpl-border-router/../../../platform/sky/./contiki-sky-main.c:276:(.init9+0x124): relocation truncated to fit: R_MSP430_16_BYTE against `no symbol'
[00:14:51 - main] [SkyMoteType.java:171] [FATAL] - >> /root/Documents/cont3-Instant&attacks/Orig-repo-Contiki-mod/examples/ipv6/rpl-border-router/../../../platform/sky/./contiki-sky-main.c:283:(.init9+0x13c): relocation truncated to fit: R_MSP430_16_BYTE against `no symbol'
[00:14:51 - main] [SkyMoteType.java:171] [FATAL] - >> /root/Documents/cont3-Instant&attacks/Orig-repo-Contiki-mod/examples/ipv6/rpl-border-router/../../../platform/sky/./contiki-sky-main.c:285:(.init9+0x150): relocation truncated to fit: R_MSP430_16_BYTE against `no symbol'
[00:14:51 - main] [SkyMoteType.java:171] [FATAL] - >> /root/Documents/cont3-Instant&attacks/Orig-repo-Contiki-mod/examples/ipv6/rpl-border-router/../../../platform/sky/./contiki-sky-main.c:287:(.init9+0x15c): additional relocation overflows omitted from the output
[00:14:51 - main] [SkyMoteType.java:171] [FATAL] - >> collect2: error: ld returned 1 exit status
[00:14:51 - main] [SkyMoteType.java:171] [FATAL] - >> ../../../Makefile.include:280: recipe for target 'border-router.sky' failed
[00:14:51 - main] [SkyMoteType.java:171] [FATAL] - >> rm border-router.co obj_sky/contiki-sky-main.o
[00:14:51 - main] [SkyMoteType.java:171] [FATAL] - >> make[1]: Leaving directory '/root/Documents/cont3-Instant&attacks/Orig-repo-Contiki-mod/examples/ipv6/rpl-border-router'
[00:14:51 - main] [SkyMoteType.java:171] [FATAL] - >> Process returned error code 2
[00:14:51 - main] [SkyMoteType.java:171] [FATAL] - >> make[1]: *** [border-router.sky] Error 1
[00:14:51 - main] [SkyMoteType.java:174] [FATAL] - Compilation error: Bad return value
[00:17:05 - main] [Simulation.java:422] [INFO] - Simulation random seed: 123456
[00:17:05 - main] [Cooja.java:4261] [WARN] - Replaced [CONTIKI_DIR]/examples/ipv6/rpl-border-router/border-router.sky with /root/Documents/cont3-Instant&attacks/Orig-repo-Contiki-mod/examples/ipv6/rpl-border-router/border-router.sky (default: ../../..), but could not find it. This does not have to be an error, as the file might be created later.
[00:17:05 - main] [CompileContiki.java:140] [INFO] - > make border-router.sky TARGET=sky 
[00:17:06 - main] [SkyMoteType.java:171] [FATAL] - >> /root/Documents/cont3-Instant&attacks/Orig-repo-Contiki-mod/examples/ipv6/rpl-border-router/../../../platform/sky/./contiki-sky-main.c:276:(.init9+0x124): relocation truncated to fit: R_MSP430_16_BYTE against `no symbol'
[00:17:06 - main] [SkyMoteType.java:171] [FATAL] - >> /root/Documents/cont3-Instant&attacks/Orig-repo-Contiki-mod/examples/ipv6/rpl-border-router/../../../platform/sky/./contiki-sky-main.c:283:(.init9+0x13c): relocation truncated to fit: R_MSP430_16_BYTE against `no symbol'
[00:17:06 - main] [SkyMoteType.java:171] [FATAL] - >> /root/Documents/cont3-Instant&attacks/Orig-repo-Contiki-mod/examples/ipv6/rpl-border-router/../../../platform/sky/./contiki-sky-main.c:285:(.init9+0x150): relocation truncated to fit: R_MSP430_16_BYTE against `no symbol'
[00:17:06 - main] [SkyMoteType.java:171] [FATAL] - >> /root/Documents/cont3-Instant&attacks/Orig-repo-Contiki-mod/examples/ipv6/rpl-border-router/../../../platform/sky/./contiki-sky-main.c:287:(.init9+0x15c): additional relocation overflows omitted from the output
[00:17:06 - main] [SkyMoteType.java:171] [FATAL] - >> collect2: error: ld returned 1 exit status
[00:17:06 - main] [SkyMoteType.java:171] [FATAL] - >> make[1]: *** [border-router.sky] Error 1
[00:17:06 - main] [SkyMoteType.java:171] [FATAL] - >> Process returned error code 2
[00:17:06 - main] [SkyMoteType.java:171] [FATAL] - >> ../../../Makefile.include:280: recipe for target 'border-router.sky' failed
[00:17:06 - main] [SkyMoteType.java:171] [FATAL] - >> rm border-router.co obj_sky/contiki-sky-main.o
[00:17:06 - main] [SkyMoteType.java:171] [FATAL] - >> make[1]: Leaving directory '/root/Documents/cont3-Instant&attacks/Orig-repo-Contiki-mod/examples/ipv6/rpl-border-router'
[00:17:06 - main] [SkyMoteType.java:174] [FATAL] - Compilation error: Bad return value
